c:\users\sng\documents\github\memegenerator\debug\vc120.pdb
c:\users\sng\documents\github\memegenerator\debug\meme.obj
c:\users\sng\documents\github\memegenerator\debug\mainwindow.obj
c:\users\sng\documents\github\memegenerator\debug\.netframework,version=v4.6.1.assemblyattributes.obj
c:\users\sng\documents\github\memegenerator\debug\meme generator.mainwindow.resources
c:\users\sng\documents\github\memegenerator\debug\memegenerator.vcxproj.generateresource.cache
c:\users\sng\documents\github\memegenerator\debug\memegenerator.vcxprojresolveassemblyreference.cache
c:\users\sng\documents\github\memegenerator\debug\meme generator.pdb
c:\users\sng\documents\github\memegenerator\debug\meme generator.exe.metagen
c:\users\sng\documents\github\memegenerator\debug\meme generator.tlog\cl.command.1.tlog
c:\users\sng\documents\github\memegenerator\debug\meme generator.tlog\cl.read.1.tlog
c:\users\sng\documents\github\memegenerator\debug\meme generator.tlog\cl.write.1.tlog
c:\users\sng\documents\github\memegenerator\debug\meme generator.tlog\link.10196-cvtres.read.1.tlog
c:\users\sng\documents\github\memegenerator\debug\meme generator.tlog\link.10196-cvtres.write.1.tlog
c:\users\sng\documents\github\memegenerator\debug\meme generator.tlog\link.10196-rc.read.1.tlog
c:\users\sng\documents\github\memegenerator\debug\meme generator.tlog\link.10196-rc.write.1.tlog
c:\users\sng\documents\github\memegenerator\debug\meme generator.tlog\link.10196.read.1.tlog
c:\users\sng\documents\github\memegenerator\debug\meme generator.tlog\link.10196.write.1.tlog
c:\users\sng\documents\github\memegenerator\debug\meme generator.tlog\link.command.1.tlog
c:\users\sng\documents\github\memegenerator\debug\meme generator.tlog\link.read.1.tlog
c:\users\sng\documents\github\memegenerator\debug\meme generator.tlog\link.write.1.tlog
c:\users\sng\documents\github\memegenerator\debug\meme generator.tlog\meme generator.write.1u.tlog
c:\users\sng\documents\github\memegenerator\debug\meme generator.tlog\metagen.read.1.tlog
c:\users\sng\documents\github\memegenerator\debug\meme generator.tlog\metagen.write.1.tlog
c:\users\sng\documents\github\memegenerator\debug\meme generator.tlog\tzres.dll.bi
